2021-07-27 09:09:13 +0000  Initial pipeline context: <IDEDistributionProcessingPipelineContext: 0x177390b80; archive(resolved)='<IDEArchive: 0x14fe82130>', distributionTask(resolved)='2', distributionDestination(resolved)='2', distributionMethod(resolved)='<IDEDistributionMethodiOSAppStoreDistribution: 0x17686a3b0>', team(resolved)='<IDEProvisioningDisambiguatableBasicTeam: 0x12a7544d0; teamID='NYXR89QH9S', teamName='Vlad Cristea', teamType='Individual', username='vlad.cristea@tiab.ro', isFreeProvisioningTeam='0'>'>
	Chain (13, self inclusive):
	<IDEDistributionProcessingPipelineContext: 0x177390b80; archive = '<IDEArchive: 0x14fe82130>', distributionMethod='<IDEDistributionMethodiOSAppStoreDistribution: 0x17686a3b0>', team='<IDEProvisioningDisambiguatableBasicTeam: 0x12a7544d0; teamID='NYXR89QH9S', teamName='Vlad Cristea', teamType='Individual', username='vlad.cristea@tiab.ro', isFreeProvisioningTeam='0'>'>
	<IDEDistributionProcessingPipelineContext: 0x2c1dcf000; archive = '<IDEArchive: 0x14fe82130>', distributionMethod='<IDEDistributionMethodiOSAppStoreDistribution: 0x17686a3b0>', team='<IDEProvisioningDisambiguatableBasicTeam: 0x12a7544d0; teamID='NYXR89QH9S', teamName='Vlad Cristea', teamType='Individual', username='vlad.cristea@tiab.ro', isFreeProvisioningTeam='0'>'>
	<IDEDistributionContext: 0x129094cc0; archive = '<IDEArchive: 0x14fe82130>', distributionMethod='<IDEDistributionMethodiOSAppStoreDistribution: 0x17686a3b0>', team='<IDEProvisioningDisambiguatableBasicTeam: 0x12a7544d0; teamID='NYXR89QH9S', teamName='Vlad Cristea', teamType='Individual', username='vlad.cristea@tiab.ro', isFreeProvisioningTeam='0'>'>
	<IDEDistributionContext: 0x129094e50; archive = '<IDEArchive: 0x14fe82130>', distributionMethod='<IDEDistributionMethodiOSAppStoreDistribution: 0x17686a3b0>', team='<IDEProvisioningDisambiguatableBasicTeam: 0x12a7544d0; teamID='NYXR89QH9S', teamName='Vlad Cristea', teamType='Individual', username='vlad.cristea@tiab.ro', isFreeProvisioningTeam='0'>'>
	<IDEDistributionContext: 0x2e679a760; archive = '<IDEArchive: 0x14fe82130>', distributionMethod='<IDEDistributionMethodiOSAppStoreDistribution: 0x17686a3b0>', team='<IDEProvisioningDisambiguatableBasicTeam: 0x12a7544d0; teamID='NYXR89QH9S', teamName='Vlad Cristea', teamType='Individual', username='vlad.cristea@tiab.ro', isFreeProvisioningTeam='0'>'>
	<IDEDistributionContext: 0x12a7b2b50; archive = '<IDEArchive: 0x14fe82130>', distributionMethod='<IDEDistributionMethodiOSAppStoreDistribution: 0x17686a3b0>', team='<IDEProvisioningDisambiguatableBasicTeam: 0x12a7544d0; teamID='NYXR89QH9S', teamName='Vlad Cristea', teamType='Individual', username='vlad.cristea@tiab.ro', isFreeProvisioningTeam='0'>'>
	<IDEDistributionContext: 0x2e6808f60; archive = '<IDEArchive: 0x14fe82130>', distributionMethod='<IDEDistributionMethodiOSAppStoreDistribution: 0x17686a3b0>', team='<IDEProvisioningDisambiguatableBasicTeam: 0x12a7544d0; teamID='NYXR89QH9S', teamName='Vlad Cristea', teamType='Individual', username='vlad.cristea@tiab.ro', isFreeProvisioningTeam='0'>'>
	<IDEDistributionContext: 0x2e68099d0; archive = '<IDEArchive: 0x14fe82130>', distributionMethod='<IDEDistributionMethodiOSAppStoreDistribution: 0x17686a3b0>', team='<IDEProvisioningDisambiguatableBasicTeam: 0x12a7544d0; teamID='NYXR89QH9S', teamName='Vlad Cristea', teamType='Individual', username='vlad.cristea@tiab.ro', isFreeProvisioningTeam='0'>'>
	<IDEDistributionContext: 0x2e6809570; archive = '<IDEArchive: 0x14fe82130>', distributionMethod='<IDEDistributionMethodiOSAppStoreDistribution: 0x17686a3b0>', team='<IDEProvisioningDisambiguatableBasicTeam: 0x12a7544d0; teamID='NYXR89QH9S', teamName='Vlad Cristea', teamType='Individual', username='vlad.cristea@tiab.ro', isFreeProvisioningTeam='0'>'>
	<IDEDistributionContext: 0x2c77cdc50; archive = '<IDEArchive: 0x14fe82130>', distributionMethod='<IDEDistributionMethodiOSAppStoreDistribution: 0x17686a3b0>', team='<IDEProvisioningDisambiguatableBasicTeam: 0x12a7544d0; teamID='NYXR89QH9S', teamName='Vlad Cristea', teamType='Individual', username='vlad.cristea@tiab.ro', isFreeProvisioningTeam='0'>'>
	<IDEDistributionContext: 0x2c369ba60; archive = '<IDEArchive: 0x14fe82130>', distributionMethod='<IDEDistributionMethodiOSAppStoreDistribution: 0x17686a3b0>', team='(null)'>
	<IDEDistributionContext: 0x2c3c5c9e0; archive = '<IDEArchive: 0x14fe82130>', distributionMethod='<IDEDistributionMethodiOSAppStoreDistribution: 0x17686a3b0>', team='(null)'>
	<IDEDistributionContext: 0x12a7e4ef0; archive = '<IDEArchive: 0x14fe82130>', distributionMethod='(null)', team='(null)'>
</IDEDistributionProcessingPipelineContext: 0x177390b80>
2021-07-27 09:09:13 +0000  Processing step: IDEDistributionCreateDestRootStep
2021-07-27 09:09:13 +0000  Processing step: IDEDistributionCopyItemStep
2021-07-27 09:09:13 +0000  Running /usr/bin/ditto '-V' '/Users/haditariq/Library/Developer/Xcode/Archives/2021-07-27/GreenWay 27-07-2021, 12.35 PM.xcarchive/Products/Applications/GreenWay.app' '/var/folders/2c/wpnd14ln44sfp0480wrm43p00000gn/T/XcodeDistPipeline.~~~i7Z5eZ/Root/Payload/GreenWay.app'
2021-07-27 09:09:13 +0000  >>> Copying /Users/haditariq/Library/Developer/Xcode/Archives/2021-07-27/GreenWay 27-07-2021, 12.35 PM.xcarchive/Products/Applications/GreenWay.app 
2021-07-27 09:09:13 +0000  copying file ./_CodeSignature/CodeResources ... 
2021-07-27 09:09:13 +0000  16652 bytes for ./_CodeSignature/CodeResources
2021-07-27 09:09:13 +0000  copying file ./Roboto-Medium.ttf ... 
2021-07-27 09:09:13 +0000  171656 bytes for ./Roboto-Medium.ttf
copying file ./Roboto-Light.ttf ... 
2021-07-27 09:09:13 +0000  170012 bytes for ./Roboto-Light.ttf
2021-07-27 09:09:13 +0000  copying file ./AppIcon20x20@2x.png ... 
2021-07-27 09:09:13 +0000  2899 bytes for ./AppIcon20x20@2x.png
2021-07-27 09:09:13 +0000  copying file ./AppIcon20x20@3x.png ... 
2021-07-27 09:09:13 +0000  5030 bytes for ./AppIcon20x20@3x.png
copying file ./Roboto-Regular.ttf ... 
2021-07-27 09:09:13 +0000  171272 bytes for ./Roboto-Regular.ttf
2021-07-27 09:09:13 +0000  copying file ./Roboto-MediumItalic.ttf ... 
2021-07-27 09:09:13 +0000  176428 bytes for ./Roboto-MediumItalic.ttf
2021-07-27 09:09:13 +0000  copying file ./AppIcon60x60@2x.png ... 
2021-07-27 09:09:13 +0000  11237 bytes for ./AppIcon60x60@2x.png
2021-07-27 09:09:13 +0000  copying file ./GreenWay ... 
2021-07-27 09:09:13 +0000  53466256 bytes for ./GreenWay
copying file ./Times New Roman.ttf ... 
2021-07-27 09:09:13 +0000  834452 bytes for ./Times New Roman.ttf
copying file ./AppIcon29x29@2x.png ... 
2021-07-27 09:09:13 +0000  4894 bytes for ./AppIcon29x29@2x.png
copying file ./AppIcon40x40@3x.png ... 
2021-07-27 09:09:13 +0000  11237 bytes for ./AppIcon40x40@3x.png
copying file ./AppIcon40x40@2x.png ... 
2021-07-27 09:09:13 +0000  7338 bytes for ./AppIcon40x40@2x.png
copying file ./AppIcon29x29@3x.png ... 
2021-07-27 09:09:13 +0000  8101 bytes for ./AppIcon29x29@3x.png
2021-07-27 09:09:13 +0000  copying file ./AccessibilityResources.bundle/en.lproj/Localizable.strings ... 
2021-07-27 09:09:13 +0000  530 bytes for ./AccessibilityResources.bundle/en.lproj/Localizable.strings
2021-07-27 09:09:13 +0000  copying file ./AccessibilityResources.bundle/Info.plist ... 
2021-07-27 09:09:13 +0000  745 bytes for ./AccessibilityResources.bundle/Info.plist
copying file ./AppIcon60x60@3x.png ... 
2021-07-27 09:09:13 +0000  16938 bytes for ./AppIcon60x60@3x.png
copying file ./Assets.car ... 
2021-07-27 09:09:13 +0000  252456 bytes for ./Assets.car
copying file ./main.jsbundle ... 
2021-07-27 09:09:13 +0000  2855709 bytes for ./main.jsbundle
2021-07-27 09:09:13 +0000  copying file ./Roboto-BoldItalic.ttf ... 
2021-07-27 09:09:13 +0000  174520 bytes for ./Roboto-BoldItalic.ttf
2021-07-27 09:09:13 +0000  copying file ./LaunchScreen.storyboardc/01J-lp-oVM-view-Ze5-6b-2t3.nib/objects-11.0+.nib ... 
2021-07-27 09:09:13 +0000  3766 bytes for ./LaunchScreen.storyboardc/01J-lp-oVM-view-Ze5-6b-2t3.nib/objects-11.0+.nib
2021-07-27 09:09:13 +0000  copying file ./LaunchScreen.storyboardc/01J-lp-oVM-view-Ze5-6b-2t3.nib/runtime.nib ... 
2021-07-27 09:09:13 +0000  3901 bytes for ./LaunchScreen.storyboardc/01J-lp-oVM-view-Ze5-6b-2t3.nib/runtime.nib
2021-07-27 09:09:13 +0000  copying file ./LaunchScreen.storyboardc/UIViewController-01J-lp-oVM.nib/objects-11.0+.nib ... 
2021-07-27 09:09:13 +0000  896 bytes for ./LaunchScreen.storyboardc/UIViewController-01J-lp-oVM.nib/objects-11.0+.nib
2021-07-27 09:09:13 +0000  copying file ./LaunchScreen.storyboardc/UIViewController-01J-lp-oVM.nib/runtime.nib ... 
2021-07-27 09:09:13 +0000  896 bytes for ./LaunchScreen.storyboardc/UIViewController-01J-lp-oVM.nib/runtime.nib
2021-07-27 09:09:13 +0000  copying file ./LaunchScreen.storyboardc/Info.plist ... 
2021-07-27 09:09:13 +0000  258 bytes for ./LaunchScreen.storyboardc/Info.plist
2021-07-27 09:09:13 +0000  copying file ./Roboto-LightItalic.ttf ... 
2021-07-27 09:09:13 +0000  176184 bytes for ./Roboto-LightItalic.ttf
2021-07-27 09:09:13 +0000  copying file ./Roboto-Italic.ttf ... 
2021-07-27 09:09:13 +0000  173516 bytes for ./Roboto-Italic.ttf
2021-07-27 09:09:13 +0000  copying file ./embedded.mobileprovision ... 
2021-07-27 09:09:13 +0000  12163 bytes for ./embedded.mobileprovision
2021-07-27 09:09:13 +0000  copying file ./Roboto-Bold.ttf ... 
2021-07-27 09:09:13 +0000  170348 bytes for ./Roboto-Bold.ttf
2021-07-27 09:09:13 +0000  copying file ./assets/app.json ... 
2021-07-27 09:09:13 +0000  53 bytes for ./assets/app.json
2021-07-27 09:09:13 +0000  copying file ./assets/node_modules/css-tree/package.json ... 
2021-07-27 09:09:13 +0000  2998 bytes for ./assets/node_modules/css-tree/package.json
2021-07-27 09:09:13 +0000  copying file ./assets/node_modules/css-tree/data/patch.json ... 
2021-07-27 09:09:13 +0000  38458 bytes for ./assets/node_modules/css-tree/data/patch.json
2021-07-27 09:09:13 +0000  copying file ./assets/node_modules/dom-serializer/foreignNames.json ... 
2021-07-27 09:09:13 +0000  3149 bytes for ./assets/node_modules/dom-serializer/foreignNames.json
2021-07-27 09:09:13 +0000  copying file ./assets/node_modules/@react-navigation/stack/src/views/assets/back-icon@3x.png ... 
2021-07-27 09:09:13 +0000  761 bytes for ./assets/node_modules/@react-navigation/stack/src/views/assets/back-icon@3x.png
2021-07-27 09:09:13 +0000  copying file ./assets/node_modules/@react-navigation/stack/src/views/assets/back-icon@2x.png ... 
2021-07-27 09:09:13 +0000  405 bytes for ./assets/node_modules/@react-navigation/stack/src/views/assets/back-icon@2x.png
2021-07-27 09:09:13 +0000  copying file ./assets/node_modules/@react-navigation/stack/src/views/assets/back-icon.png ... 
2021-07-27 09:09:13 +0000  290 bytes for ./assets/node_modules/@react-navigation/stack/src/views/assets/back-icon.png
2021-07-27 09:09:13 +0000  copying file ./assets/node_modules/@react-navigation/stack/src/views/assets/back-icon-mask.png ... 
2021-07-27 09:09:13 +0000  913 bytes for ./assets/node_modules/@react-navigation/stack/src/views/assets/back-icon-mask.png
2021-07-27 09:09:13 +0000  copying file ./assets/node_modules/css-select/lib/procedure.json ... 
2021-07-27 09:09:13 +0000  145 bytes for ./assets/node_modules/css-select/lib/procedure.json
2021-07-27 09:09:13 +0000  copying file ./assets/node_modules/mdn-data/css/at-rules.json ... 
2021-07-27 09:09:13 +0000  16632 bytes for ./assets/node_modules/mdn-data/css/at-rules.json
2021-07-27 09:09:13 +0000  copying file ./assets/node_modules/mdn-data/css/properties.json ... 
2021-07-27 09:09:13 +0000  265782 bytes for ./assets/node_modules/mdn-data/css/properties.json
2021-07-27 09:09:13 +0000  copying file ./assets/node_modules/mdn-data/css/syntaxes.json ... 
2021-07-27 09:09:13 +0000  26634 bytes for ./assets/node_modules/mdn-data/css/syntaxes.json
2021-07-27 09:09:13 +0000  copying file ./assets/node_modules/entities/lib/maps/xml.json ... 
2021-07-27 09:09:13 +0000  53 bytes for ./assets/node_modules/entities/lib/maps/xml.json
2021-07-27 09:09:13 +0000  copying file ./assets/node_modules/entities/lib/maps/decode.json ... 
2021-07-27 09:09:13 +0000  299 bytes for ./assets/node_modules/entities/lib/maps/decode.json
2021-07-27 09:09:13 +0000  copying file ./assets/node_modules/entities/lib/maps/entities.json ... 
2021-07-27 09:09:13 +0000  32977 bytes for ./assets/node_modules/entities/lib/maps/entities.json
2021-07-27 09:09:13 +0000  copying file ./assets/node_modules/entities/lib/maps/legacy.json ... 
2021-07-27 09:09:13 +0000  1356 bytes for ./assets/node_modules/entities/lib/maps/legacy.json
2021-07-27 09:09:13 +0000  copying file ./assets/src/assets/icons/hint.png ... 
2021-07-27 09:09:13 +0000  6181 bytes for ./assets/src/assets/icons/hint.png
2021-07-27 09:09:13 +0000  copying file ./Info.plist ... 
2021-07-27 09:09:13 +0000  1617 bytes for ./Info.plist
2021-07-27 09:09:13 +0000  copying file ./PkgInfo ... 
2021-07-27 09:09:13 +0000  8 bytes for ./PkgInfo
2021-07-27 09:09:13 +0000  /usr/bin/ditto exited with 0
2021-07-27 09:09:13 +0000  Processing step: IDEDistributionEmbedProfileStep
2021-07-27 09:09:13 +0000  Processing step: IDEDistributionInfoPlistStep
2021-07-27 09:09:13 +0000  Skipping step: IDEDistributionInfoPlistStep because it said so
2021-07-27 09:09:13 +0000  Processing step: IDEDistributionItemRemovalStep
2021-07-27 09:09:13 +0000  Processing step: IDEDistributionAppThinningPlistStep
2021-07-27 09:09:13 +0000  Skipping step: IDEDistributionAppThinningPlistStep because it said so
2021-07-27 09:09:13 +0000  Processing step: IDEDistributionCompileBitcodeStep
2021-07-27 09:09:13 +0000  Skipping step: IDEDistributionCompileBitcodeStep because it said so
2021-07-27 09:09:13 +0000  Processing step: IDEDistributionCodeSlimmingStep
2021-07-27 09:09:13 +0000  Running /Applications/Xcode.app/Contents/Developer/Toolchains/XcodeDefault.xctoolchain/usr/bin/bitcode_strip '/var/folders/2c/wpnd14ln44sfp0480wrm43p00000gn/T/XcodeDistPipeline.~~~i7Z5eZ/Root/Payload/GreenWay.app/GreenWay' '-l' '-o' '/var/folders/2c/wpnd14ln44sfp0480wrm43p00000gn/T/XcodeDistPipeline.~~~i7Z5eZ/Root/Payload/GreenWay.app/GreenWay'
2021-07-27 09:09:13 +0000  /Applications/Xcode.app/Contents/Developer/Toolchains/XcodeDefault.xctoolchain/usr/bin/bitcode_strip exited with 0
2021-07-27 09:09:13 +0000  Processing step: IDEDistributionCopyBCSymbolMapsStep
2021-07-27 09:09:13 +0000  Running /usr/bin/ditto '-V' '/Users/haditariq/Library/Developer/Xcode/Archives/2021-07-27/GreenWay 27-07-2021, 12.35 PM.xcarchive/BCSymbolMaps/3335096C-4D52-3A4B-B7CB-1F20DE78CD92.bcsymbolmap' '/var/folders/2c/wpnd14ln44sfp0480wrm43p00000gn/T/XcodeDistPipeline.~~~i7Z5eZ/Root/BCSymbolMaps/3335096C-4D52-3A4B-B7CB-1F20DE78CD92.bcsymbolmap'
2021-07-27 09:09:13 +0000  >>> Copying /Users/haditariq/Library/Developer/Xcode/Archives/2021-07-27/GreenWay 27-07-2021, 12.35 PM.xcarchive/BCSymbolMaps/3335096C-4D52-3A4B-B7CB-1F20DE78CD92.bcsymbolmap 
2021-07-27 09:09:13 +0000  copying file ./3335096C-4D52-3A4B-B7CB-1F20DE78CD92.bcsymbolmap ... 
2021-07-27 09:09:13 +0000  2076236 bytes for ./3335096C-4D52-3A4B-B7CB-1F20DE78CD92.bcsymbolmap
2021-07-27 09:09:13 +0000  /usr/bin/ditto exited with 0
2021-07-27 09:09:13 +0000  Running /usr/bin/ditto '-V' '/Users/haditariq/Library/Developer/Xcode/Archives/2021-07-27/GreenWay 27-07-2021, 12.35 PM.xcarchive/BCSymbolMaps/105B7F9F-D041-3C81-92BA-A469C88F6C43.bcsymbolmap' '/var/folders/2c/wpnd14ln44sfp0480wrm43p00000gn/T/XcodeDistPipeline.~~~i7Z5eZ/Root/BCSymbolMaps/105B7F9F-D041-3C81-92BA-A469C88F6C43.bcsymbolmap'
2021-07-27 09:09:13 +0000  >>> Copying /Users/haditariq/Library/Developer/Xcode/Archives/2021-07-27/GreenWay 27-07-2021, 12.35 PM.xcarchive/BCSymbolMaps/105B7F9F-D041-3C81-92BA-A469C88F6C43.bcsymbolmap 
2021-07-27 09:09:13 +0000  copying file ./105B7F9F-D041-3C81-92BA-A469C88F6C43.bcsymbolmap ... 
2021-07-27 09:09:13 +0000  2117063 bytes for ./105B7F9F-D041-3C81-92BA-A469C88F6C43.bcsymbolmap
2021-07-27 09:09:13 +0000  /usr/bin/ditto exited with 0
2021-07-27 09:09:13 +0000  Processing step: IDEDistributionSymbolsStep
2021-07-27 09:09:14 +0000  Excluding symbols for GreenWay.app
2021-07-27 09:09:14 +0000  Processing step: IDEDistributionCopyAppleProvidedContentStep
2021-07-27 09:09:14 +0000  Processing step: IDEDistributionAppThinningStep
2021-07-27 09:09:14 +0000  Skipping step: IDEDistributionAppThinningStep because it said so
2021-07-27 09:09:14 +0000  Processing step: IDEDistributionArchThinningStep
2021-07-27 09:09:14 +0000  Running /Applications/Xcode.app/Contents/Developer/Toolchains/XcodeDefault.xctoolchain/usr/bin/lipo '/var/folders/2c/wpnd14ln44sfp0480wrm43p00000gn/T/XcodeDistPipeline.~~~i7Z5eZ/Root/Payload/GreenWay.app/GreenWay' '-verify_arch' 'arm64e'
2021-07-27 09:09:14 +0000  /Applications/Xcode.app/Contents/Developer/Toolchains/XcodeDefault.xctoolchain/usr/bin/lipo exited with 1
2021-07-27 09:09:14 +0000  Skipping architecture thinning for item "GreenWay" because arch "arm64e" wasn't found
2021-07-27 09:09:14 +0000  Processing step: IDEDistributionODRStep
2021-07-27 09:09:14 +0000  Processing step: IDEDistributionStripXattrsStep
2021-07-27 09:09:14 +0000  Running /usr/bin/xattr '-crs' '/var/folders/2c/wpnd14ln44sfp0480wrm43p00000gn/T/XcodeDistPipeline.~~~i7Z5eZ/Root/Payload/GreenWay.app'
2021-07-27 09:09:14 +0000  /usr/bin/xattr exited with 0
2021-07-27 09:09:14 +0000  Processing step: IDEDistributionCodesignStep
2021-07-27 09:09:14 +0000  Entitlements for <IDEDistributionItem: 0x2c224c370; bundleID='com.greenway.app', path='<DVTFilePath:0x176809070:'/Users/haditariq/Library/Developer/Xcode/Archives/2021-07-27/GreenWay 27-07-2021, 12.35 PM.xcarchive/Products/Applications/GreenWay.app'>', codeSigningInfo='<_DVTCodeSigningInformation_Path: 0x2c279d560; isSigned='1', isAdHocSigned='0', signingCertificate='<DVTSigningCertificate: 0x2c344e9e0; name='Apple Development: Vlad Cristea (P933MURRWU)', hash='42D941968A50B3514FA964A993CB0F59BF3EAED5', serialNumber='<DVTSigningCertificateSerialNumber: 0x2c2b72870>', certificateKinds='(
    "1.2.840.113635.100.6.1.12",
    "1.2.840.113635.100.6.1.2"
), issueDate='2021-05-31 09:47:28 +0000''>', entitlements='{
    "application-identifier" = "NYXR89QH9S.com.greenway.app";
    "com.apple.developer.team-identifier" = NYXR89QH9S;
    "get-task-allow" = 1;
    "keychain-access-groups" =     (
        "NYXR89QH9S.com.greenway.app"
    );
}', teamID='NYXR89QH9S', identifier='com.greenway.app', executablePath='<DVTFilePath:0x2c37c8800:'/Users/haditariq/Library/Developer/Xcode/Archives/2021-07-27/GreenWay 27-07-2021, 12.35 PM.xcarchive/Products/Applications/GreenWay.app/GreenWay'>', hardenedRuntime='0'>'>: {
    "application-identifier" = "NYXR89QH9S.com.greenway.app";
    "beta-reports-active" = 1;
    "com.apple.developer.team-identifier" = NYXR89QH9S;
    "get-task-allow" = 0;
    "keychain-access-groups" =     (
        "NYXR89QH9S.com.greenway.app"
    );
}
2021-07-27 09:09:14 +0000  Entitlements for <IDEDistributionItem: 0x2c224c370; bundleID='com.greenway.app', path='<DVTFilePath:0x176809070:'/Users/haditariq/Library/Developer/Xcode/Archives/2021-07-27/GreenWay 27-07-2021, 12.35 PM.xcarchive/Products/Applications/GreenWay.app'>', codeSigningInfo='<_DVTCodeSigningInformation_Path: 0x2c279d560; isSigned='1', isAdHocSigned='0', signingCertificate='<DVTSigningCertificate: 0x2c34603a0; name='Apple Development: Vlad Cristea (P933MURRWU)', hash='42D941968A50B3514FA964A993CB0F59BF3EAED5', serialNumber='<DVTSigningCertificateSerialNumber: 0x2c2b1bf90>', certificateKinds='(
    "1.2.840.113635.100.6.1.12",
    "1.2.840.113635.100.6.1.2"
), issueDate='2021-05-31 09:47:28 +0000''>', entitlements='{
    "application-identifier" = "NYXR89QH9S.com.greenway.app";
    "com.apple.developer.team-identifier" = NYXR89QH9S;
    "get-task-allow" = 1;
    "keychain-access-groups" =     (
        "NYXR89QH9S.com.greenway.app"
    );
}', teamID='NYXR89QH9S', identifier='com.greenway.app', executablePath='<DVTFilePath:0x2c37c8800:'/Users/haditariq/Library/Developer/Xcode/Archives/2021-07-27/GreenWay 27-07-2021, 12.35 PM.xcarchive/Products/Applications/GreenWay.app/GreenWay'>', hardenedRuntime='0'>'> are: {
    "application-identifier" = "NYXR89QH9S.com.greenway.app";
    "beta-reports-active" = 1;
    "com.apple.developer.team-identifier" = NYXR89QH9S;
    "get-task-allow" = 0;
    "keychain-access-groups" =     (
        "NYXR89QH9S.com.greenway.app"
    );
}
2021-07-27 09:09:14 +0000  Writing entitlements for <IDEDistributionItem: 0x2c224c370; bundleID='com.greenway.app', path='<DVTFilePath:0x176809070:'/Users/haditariq/Library/Developer/Xcode/Archives/2021-07-27/GreenWay 27-07-2021, 12.35 PM.xcarchive/Products/Applications/GreenWay.app'>', codeSigningInfo='<_DVTCodeSigningInformation_Path: 0x2c279d560; isSigned='1', isAdHocSigned='0', signingCertificate='<DVTSigningCertificate: 0x1773a6a80; name='Apple Development: Vlad Cristea (P933MURRWU)', hash='42D941968A50B3514FA964A993CB0F59BF3EAED5', serialNumber='<DVTSigningCertificateSerialNumber: 0x2c2b97390>', certificateKinds='(
    "1.2.840.113635.100.6.1.12",
    "1.2.840.113635.100.6.1.2"
), issueDate='2021-05-31 09:47:28 +0000''>', entitlements='{
    "application-identifier" = "NYXR89QH9S.com.greenway.app";
    "com.apple.developer.team-identifier" = NYXR89QH9S;
    "get-task-allow" = 1;
    "keychain-access-groups" =     (
        "NYXR89QH9S.com.greenway.app"
    );
}', teamID='NYXR89QH9S', identifier='com.greenway.app', executablePath='<DVTFilePath:0x2c37c8800:'/Users/haditariq/Library/Developer/Xcode/Archives/2021-07-27/GreenWay 27-07-2021, 12.35 PM.xcarchive/Products/Applications/GreenWay.app/GreenWay'>', hardenedRuntime='0'>'> to: /var/folders/2c/wpnd14ln44sfp0480wrm43p00000gn/T/XcodeDistPipeline.~~~i7Z5eZ/entitlements~~~rQ1gDB
2021-07-27 09:09:14 +0000  Running /usr/bin/codesign '-vvv' '--force' '--sign' '12D171516CBC7979CAC5338B73571388787AD069' '--entitlements' '/var/folders/2c/wpnd14ln44sfp0480wrm43p00000gn/T/XcodeDistPipeline.~~~i7Z5eZ/entitlements~~~rQ1gDB' '--preserve-metadata=identifier,flags,runtime' '/var/folders/2c/wpnd14ln44sfp0480wrm43p00000gn/T/XcodeDistPipeline.~~~i7Z5eZ/Root/Payload/GreenWay.app'
2021-07-27 09:09:14 +0000  /var/folders/2c/wpnd14ln44sfp0480wrm43p00000gn/T/XcodeDistPipeline.~~~i7Z5eZ/Root/Payload/GreenWay.app: signed app bundle with Mach-O universal (armv7 arm64) [com.greenway.app]
2021-07-27 09:09:14 +0000  /usr/bin/codesign exited with 0
2021-07-27 09:09:14 +0000  Processing step: IDEDistributionZipODRItemStep
2021-07-27 09:09:14 +0000  Skipping step: IDEDistributionZipODRItemStep because it said so
2021-07-27 09:09:14 +0000  Processing step: IDEDistributionCreateIPAStep
2021-07-27 09:09:14 +0000  Running /usr/bin/ditto '-V' '-c' '-k' '--norsrc' '/var/folders/2c/wpnd14ln44sfp0480wrm43p00000gn/T/XcodeDistPipeline.~~~i7Z5eZ/Root' '/var/folders/2c/wpnd14ln44sfp0480wrm43p00000gn/T/XcodeDistPipeline.~~~i7Z5eZ/Packages/GreenWay.ipa'
2021-07-27 09:09:14 +0000  >>> Copying /var/folders/2c/wpnd14ln44sfp0480wrm43p00000gn/T/XcodeDistPipeline.~~~i7Z5eZ/Root 
2021-07-27 09:09:14 +0000  copying file ./BCSymbolMaps/105B7F9F-D041-3C81-92BA-A469C88F6C43.bcsymbolmap ... 
2021-07-27 09:09:14 +0000  2117063 bytes for ./BCSymbolMaps/105B7F9F-D041-3C81-92BA-A469C88F6C43.bcsymbolmap
copying file ./BCSymbolMaps/3335096C-4D52-3A4B-B7CB-1F20DE78CD92.bcsymbolmap ... 
2021-07-27 09:09:14 +0000  2076236 bytes for ./BCSymbolMaps/3335096C-4D52-3A4B-B7CB-1F20DE78CD92.bcsymbolmap
2021-07-27 09:09:14 +0000  copying file ./Payload/GreenWay.app/_CodeSignature/CodeResources ... 
2021-07-27 09:09:14 +0000  16652 bytes for ./Payload/GreenWay.app/_CodeSignature/CodeResources
copying file ./Payload/GreenWay.app/Roboto-Medium.ttf ... 
2021-07-27 09:09:14 +0000  171656 bytes for ./Payload/GreenWay.app/Roboto-Medium.ttf
copying file ./Payload/GreenWay.app/Roboto-Light.ttf ... 
2021-07-27 09:09:14 +0000  170012 bytes for ./Payload/GreenWay.app/Roboto-Light.ttf
copying file ./Payload/GreenWay.app/AppIcon20x20@2x.png ... 
2021-07-27 09:09:14 +0000  2899 bytes for ./Payload/GreenWay.app/AppIcon20x20@2x.png
2021-07-27 09:09:14 +0000  copying file ./Payload/GreenWay.app/AppIcon20x20@3x.png ... 
2021-07-27 09:09:14 +0000  5030 bytes for ./Payload/GreenWay.app/AppIcon20x20@3x.png
copying file ./Payload/GreenWay.app/Roboto-Regular.ttf ... 
2021-07-27 09:09:14 +0000  171272 bytes for ./Payload/GreenWay.app/Roboto-Regular.ttf
copying file ./Payload/GreenWay.app/Roboto-MediumItalic.ttf ... 
2021-07-27 09:09:14 +0000  176428 bytes for ./Payload/GreenWay.app/Roboto-MediumItalic.ttf
copying file ./Payload/GreenWay.app/AppIcon60x60@2x.png ... 
2021-07-27 09:09:14 +0000  11237 bytes for ./Payload/GreenWay.app/AppIcon60x60@2x.png
copying file ./Payload/GreenWay.app/GreenWay ... 
2021-07-27 09:09:15 +0000  47027504 bytes for ./Payload/GreenWay.app/GreenWay
copying file ./Payload/GreenWay.app/Times New Roman.ttf ... 
2021-07-27 09:09:15 +0000  834452 bytes for ./Payload/GreenWay.app/Times New Roman.ttf
copying file ./Payload/GreenWay.app/AppIcon29x29@2x.png ... 
2021-07-27 09:09:15 +0000  4894 bytes for ./Payload/GreenWay.app/AppIcon29x29@2x.png
2021-07-27 09:09:15 +0000  copying file ./Payload/GreenWay.app/AppIcon40x40@3x.png ... 
2021-07-27 09:09:15 +0000  11237 bytes for ./Payload/GreenWay.app/AppIcon40x40@3x.png
copying file ./Payload/GreenWay.app/AppIcon40x40@2x.png ... 
2021-07-27 09:09:15 +0000  7338 bytes for ./Payload/GreenWay.app/AppIcon40x40@2x.png
2021-07-27 09:09:15 +0000  copying file ./Payload/GreenWay.app/AppIcon29x29@3x.png ... 
2021-07-27 09:09:15 +0000  8101 bytes for ./Payload/GreenWay.app/AppIcon29x29@3x.png
2021-07-27 09:09:15 +0000  copying file ./Payload/GreenWay.app/AccessibilityResources.bundle/en.lproj/Localizable.strings ... 
2021-07-27 09:09:15 +0000  530 bytes for ./Payload/GreenWay.app/AccessibilityResources.bundle/en.lproj/Localizable.strings
2021-07-27 09:09:15 +0000  copying file ./Payload/GreenWay.app/AccessibilityResources.bundle/Info.plist ... 
2021-07-27 09:09:15 +0000  745 bytes for ./Payload/GreenWay.app/AccessibilityResources.bundle/Info.plist
copying file ./Payload/GreenWay.app/AppIcon60x60@3x.png ... 
2021-07-27 09:09:15 +0000  16938 bytes for ./Payload/GreenWay.app/AppIcon60x60@3x.png
copying file ./Payload/GreenWay.app/Assets.car ... 
2021-07-27 09:09:15 +0000  252456 bytes for ./Payload/GreenWay.app/Assets.car
copying file ./Payload/GreenWay.app/main.jsbundle ... 
2021-07-27 09:09:15 +0000  2855709 bytes for ./Payload/GreenWay.app/main.jsbundle
copying file ./Payload/GreenWay.app/Roboto-BoldItalic.ttf ... 
2021-07-27 09:09:15 +0000  174520 bytes for ./Payload/GreenWay.app/Roboto-BoldItalic.ttf
2021-07-27 09:09:15 +0000  copying file ./Payload/GreenWay.app/LaunchScreen.storyboardc/01J-lp-oVM-view-Ze5-6b-2t3.nib/objects-11.0+.nib ... 
2021-07-27 09:09:15 +0000  3766 bytes for ./Payload/GreenWay.app/LaunchScreen.storyboardc/01J-lp-oVM-view-Ze5-6b-2t3.nib/objects-11.0+.nib
copying file ./Payload/GreenWay.app/LaunchScreen.storyboardc/01J-lp-oVM-view-Ze5-6b-2t3.nib/runtime.nib ... 
2021-07-27 09:09:15 +0000  3901 bytes for ./Payload/GreenWay.app/LaunchScreen.storyboardc/01J-lp-oVM-view-Ze5-6b-2t3.nib/runtime.nib
2021-07-27 09:09:15 +0000  copying file ./Payload/GreenWay.app/LaunchScreen.storyboardc/UIViewController-01J-lp-oVM.nib/objects-11.0+.nib ... 
2021-07-27 09:09:15 +0000  896 bytes for ./Payload/GreenWay.app/LaunchScreen.storyboardc/UIViewController-01J-lp-oVM.nib/objects-11.0+.nib
2021-07-27 09:09:15 +0000  copying file ./Payload/GreenWay.app/LaunchScreen.storyboardc/UIViewController-01J-lp-oVM.nib/runtime.nib ... 
2021-07-27 09:09:15 +0000  896 bytes for ./Payload/GreenWay.app/LaunchScreen.storyboardc/UIViewController-01J-lp-oVM.nib/runtime.nib
copying file ./Payload/GreenWay.app/LaunchScreen.storyboardc/Info.plist ... 
2021-07-27 09:09:15 +0000  258 bytes for ./Payload/GreenWay.app/LaunchScreen.storyboardc/Info.plist
copying file ./Payload/GreenWay.app/Roboto-LightItalic.ttf ... 
2021-07-27 09:09:15 +0000  176184 bytes for ./Payload/GreenWay.app/Roboto-LightItalic.ttf
copying file ./Payload/GreenWay.app/Roboto-Italic.ttf ... 
2021-07-27 09:09:15 +0000  173516 bytes for ./Payload/GreenWay.app/Roboto-Italic.ttf
copying file ./Payload/GreenWay.app/embedded.mobileprovision ... 
2021-07-27 09:09:15 +0000  7464 bytes for ./Payload/GreenWay.app/embedded.mobileprovision
copying file ./Payload/GreenWay.app/Roboto-Bold.ttf ... 
2021-07-27 09:09:15 +0000  170348 bytes for ./Payload/GreenWay.app/Roboto-Bold.ttf
2021-07-27 09:09:15 +0000  copying file ./Payload/GreenWay.app/assets/app.json ... 
53 bytes for ./Payload/GreenWay.app/assets/app.json
2021-07-27 09:09:15 +0000  copying file ./Payload/GreenWay.app/assets/node_modules/css-tree/package.json ... 
2021-07-27 09:09:15 +0000  2998 bytes for ./Payload/GreenWay.app/assets/node_modules/css-tree/package.json
2021-07-27 09:09:15 +0000  copying file ./Payload/GreenWay.app/assets/node_modules/css-tree/data/patch.json ... 
2021-07-27 09:09:15 +0000  38458 bytes for ./Payload/GreenWay.app/assets/node_modules/css-tree/data/patch.json
2021-07-27 09:09:15 +0000  copying file ./Payload/GreenWay.app/assets/node_modules/dom-serializer/foreignNames.json ... 
2021-07-27 09:09:15 +0000  3149 bytes for ./Payload/GreenWay.app/assets/node_modules/dom-serializer/foreignNames.json
2021-07-27 09:09:15 +0000  copying file ./Payload/GreenWay.app/assets/node_modules/@react-navigation/stack/src/views/assets/back-icon@3x.png ... 
2021-07-27 09:09:15 +0000  761 bytes for ./Payload/GreenWay.app/assets/node_modules/@react-navigation/stack/src/views/assets/back-icon@3x.png
copying file ./Payload/GreenWay.app/assets/node_modules/@react-navigation/stack/src/views/assets/back-icon@2x.png ... 
2021-07-27 09:09:15 +0000  405 bytes for ./Payload/GreenWay.app/assets/node_modules/@react-navigation/stack/src/views/assets/back-icon@2x.png
copying file ./Payload/GreenWay.app/assets/node_modules/@react-navigation/stack/src/views/assets/back-icon.png ... 
2021-07-27 09:09:15 +0000  290 bytes for ./Payload/GreenWay.app/assets/node_modules/@react-navigation/stack/src/views/assets/back-icon.png
copying file ./Payload/GreenWay.app/assets/node_modules/@react-navigation/stack/src/views/assets/back-icon-mask.png ... 
913 bytes for ./Payload/GreenWay.app/assets/node_modules/@react-navigation/stack/src/views/assets/back-icon-mask.png
copying file ./Payload/GreenWay.app/assets/node_modules/css-select/lib/procedure.json ... 
145 bytes for ./Payload/GreenWay.app/assets/node_modules/css-select/lib/procedure.json
copying file ./Payload/GreenWay.app/assets/node_modules/mdn-data/css/at-rules.json ... 
2021-07-27 09:09:15 +0000  16632 bytes for ./Payload/GreenWay.app/assets/node_modules/mdn-data/css/at-rules.json
copying file ./Payload/GreenWay.app/assets/node_modules/mdn-data/css/properties.json ... 
2021-07-27 09:09:15 +0000  265782 bytes for ./Payload/GreenWay.app/assets/node_modules/mdn-data/css/properties.json
copying file ./Payload/GreenWay.app/assets/node_modules/mdn-data/css/syntaxes.json ... 
2021-07-27 09:09:15 +0000  26634 bytes for ./Payload/GreenWay.app/assets/node_modules/mdn-data/css/syntaxes.json
2021-07-27 09:09:15 +0000  copying file ./Payload/GreenWay.app/assets/node_modules/entities/lib/maps/xml.json ... 
2021-07-27 09:09:15 +0000  53 bytes for ./Payload/GreenWay.app/assets/node_modules/entities/lib/maps/xml.json
2021-07-27 09:09:15 +0000  copying file ./Payload/GreenWay.app/assets/node_modules/entities/lib/maps/decode.json ... 
2021-07-27 09:09:15 +0000  299 bytes for ./Payload/GreenWay.app/assets/node_modules/entities/lib/maps/decode.json
copying file ./Payload/GreenWay.app/assets/node_modules/entities/lib/maps/entities.json ... 
2021-07-27 09:09:15 +0000  32977 bytes for ./Payload/GreenWay.app/assets/node_modules/entities/lib/maps/entities.json
copying file ./Payload/GreenWay.app/assets/node_modules/entities/lib/maps/legacy.json ... 
2021-07-27 09:09:15 +0000  1356 bytes for ./Payload/GreenWay.app/assets/node_modules/entities/lib/maps/legacy.json
2021-07-27 09:09:15 +0000  copying file ./Payload/GreenWay.app/assets/src/assets/icons/hint.png ... 
2021-07-27 09:09:15 +0000  6181 bytes for ./Payload/GreenWay.app/assets/src/assets/icons/hint.png
copying file ./Payload/GreenWay.app/Info.plist ... 
2021-07-27 09:09:15 +0000  1617 bytes for ./Payload/GreenWay.app/Info.plist
2021-07-27 09:09:15 +0000  copying file ./Payload/GreenWay.app/PkgInfo ... 
8 bytes for ./Payload/GreenWay.app/PkgInfo
2021-07-27 09:09:15 +0000  /usr/bin/ditto exited with 0
2021-07-27 09:09:15 +0000  Processing step: IDEDistributionAppStoreInformationStep
2021-07-27 09:09:15 +0000  Skipping step: IDEDistributionAppStoreInformationStep because it said so
2021-07-27 09:09:15 +0000  Processing step: IDEDistributionGenerateProcessedDistributionItems
2021-07-27 09:09:15 +0000  IDEDistributionItem init <DVTFilePath:0x2c1dee980:'/var/folders/2c/wpnd14ln44sfp0480wrm43p00000gn/T/XcodeDistPipeline.~~~i7Z5eZ/Root/Payload/GreenWay.app'>
2021-07-27 09:09:15 +0000  Processing step: IDEDistributionCreateManifestStep
2021-07-27 09:09:15 +0000  Skipping step: IDEDistributionCreateManifestStep because it said so
